Using pre-set license
Built from '2020.2/staging' branch; Version is '2020.2.3f1 (8ff31bc5bf5b) revision 9433883'; Using compiler version '192528614'; Build Type 'Release'
OS: 'Windows 8.1  (6.3.0) 64bit' Language: 'ru' Physical Memory: 16257 MB
BatchMode: 1, IsHumanControllingUs: 0, StartBugReporterOnCrash: 0, Is64bit: 1, IsPro: 0

 COMMAND LINE ARGUMENTS:
C:\Unity\2020.2.3f1\Editor\Unity.exe
-adb2
-batchMode
-noUpm
-name
AssetImportWorker0
-projectPath
E:/Unity Project/SteppingStones
-logFile
Logs/AssetImportWorker0.log
-srvPort
60501
Successfully changed project path to: E:/Unity Project/SteppingStones
E:/Unity Project/SteppingStones
Using Asset Import Pipeline V2.
Refreshing native plugins compatible for Editor in 136.86 ms, found 1 plugins.
Preloading 0 native plugins for Editor in 0.00 ms.
Initialize engine version: 2020.2.3f1 (8ff31bc5bf5b)
[Subsystems] Discovering subsystems at path C:/Unity/2020.2.3f1/Editor/Data/Resources/UnitySubsystems
[Subsystems] Discovering subsystems at path E:/Unity Project/SteppingStones/Assets
GfxDevice: creating device client; threaded=0
d3d11: QueryInterface(IDXGIFactory5) failed (80004002).
Direct3D:
    Version:  Direct3D 11.0 [level 10.1]
    Renderer: Intel(R) HD Graphics (ID=0x102)
    Vendor:   
    VRAM:     1632 MB
    Driver:   9.17.10.3223
Initialize mono
Mono path[0] = 'C:/Unity/2020.2.3f1/Editor/Data/Managed'
Mono path[1] = 'C:/Unity/2020.2.3f1/Editor/Data/MonoBleedingEdge/lib/mono/unityjit'
Mono config path = 'C:/Unity/2020.2.3f1/Editor/Data/MonoBleedingEdge/etc'
Using monoOptions --debugger-agent=transport=dt_socket,embedding=1,server=y,suspend=n,address=127.0.0.1:56432
Begin MonoManager ReloadAssembly
Registering precompiled unity dll's ...
Register platform support module: C:/Unity/2020.2.3f1/Editor/Data/PlaybackEngines/WindowsStandaloneSupport/UnityEditor.WindowsStandalone.Extensions.dll
Registered in 0.002966 seconds.
Native extension for WindowsStandalone target not found
Refreshing native plugins compatible for Editor in 223.49 ms, found 1 plugins.
Preloading 0 native plugins for Editor in 0.00 ms.
Invoked RoslynAnalysisRunner static constructor.
RoslynAnalysisRunner will not be running.
RoslynAnalysisRunner has terminated.
Mono: successfully reloaded assembly
- Completed reload, in  5.024 seconds
Platform modules already initialized, skipping
Registering precompiled user dll's ...
Registered in 0.001232 seconds.
Begin MonoManager ReloadAssembly
Error: Could not load signature of Unity.Android.Logcat.AndroidLogcat:.ctor due to: Could not load file or assembly 'UnityEditor.Android.Extensions, Version=1.0.0.0, Culture=neutral, PublicKeyToken=null' or one of its dependencies. assembly:UnityEditor.Android.Extensions, Version=1.0.0.0, Culture=neutral, PublicKeyToken=null type:<unknown type> member:(null) signature:<none>
0x00007ff7e9334f3c (Unity) StackWalker::GetCurrentCallstack
0x00007ff7e933d319 (Unity) StackWalker::ShowCallstack
0x00007ff7ea80ae6c (Unity) GetStacktrace
0x00007ff7eb8e8013 (Unity) DebugStringToFile
0x00007ff7e915b9fb (Unity) ScanForAttributesAndInterfaceImplementations
0x00007ff7e916edca (Unity) MonoManager::EndReloadAssembly
0x00007ff7e9175ff9 (Unity) MonoManager::ReloadAssembly
0x00007ff7ea515391 (Unity) LoadDomainAndUserAssemblies
0x00007ff7ea51583e (Unity) LoadUserAssemblies
0x00007ff7e9ea08a1 (Unity) Application::InitializeProject
0x00007ff7ea818422 (Unity) WinMain
0x00007ff7ec67e3c6 (Unity) __scrt_common_main_seh
0x00007ff95ee413f2 (KERNEL32) BaseThreadInitThunk
0x00007ff960f954f4 (ntdll) RtlUserThreadStart

Unloading broken assembly Library/ScriptAssemblies/Unity.Mobile.AndroidLogcat.Editor.dll, this assembly can cause crashes in the runtime
0x00007ff7e9334f3c (Unity) StackWalker::GetCurrentCallstack
0x00007ff7e933d319 (Unity) StackWalker::ShowCallstack
0x00007ff7ea80ae6c (Unity) GetStacktrace
0x00007ff7eb8e8013 (Unity) DebugStringToFile
0x00007ff7e9177b49 (Unity) MonoManager::SetupLoadedEditorAssemblies
0x00007ff7e916f11c (Unity) MonoManager::EndReloadAssembly
0x00007ff7e9175ff9 (Unity) MonoManager::ReloadAssembly
0x00007ff7ea515391 (Unity) LoadDomainAndUserAssemblies
0x00007ff7ea51583e (Unity) LoadUserAssemblies
0x00007ff7e9ea08a1 (Unity) Application::InitializeProject
0x00007ff7ea818422 (Unity) WinMain
0x00007ff7ec67e3c6 (Unity) __scrt_common_main_seh
0x00007ff95ee413f2 (KERNEL32) BaseThreadInitThunk
0x00007ff960f954f4 (ntdll) RtlUserThreadStart

Native extension for WindowsStandalone target not found
Refreshing native plugins compatible for Editor in 100.54 ms, found 1 plugins.
Preloading 0 native plugins for Editor in 0.00 ms.
Invoked RoslynAnalysisRunner static constructor.
RoslynAnalysisRunner will not be running.
RoslynAnalysisRunner has terminated.
Mono: successfully reloaded assembly
- Completed reload, in  3.247 seconds
Platform modules already initialized, skipping
========================================================================
Worker process is ready to serve import requests
Launched and connected shader compiler UnityShaderCompiler.exe after 0.03 seconds
Refreshing native plugins compatible for Editor in 1.05 ms, found 1 plugins.
Preloading 0 native plugins for Editor in 0.00 ms.
Unloading 1946 Unused Serialized files (Serialized files now loaded: 0)
System memory in use before: 89.1 MB.
System memory in use after: 89.1 MB.

Unloading 32 unused Assets to reduce memory usage. Loaded Objects now: 2380.
Total: 3.622604 ms (FindLiveObjects: 0.260555 ms CreateObjectMapping: 0.124484 ms MarkObjects: 3.094873 ms  DeleteObjects: 0.140375 ms)

========================================================================
Received Import Request.
  path: Assets/01_MainGame/00_ECS/02_RunLevel/06_FinishSystem.cs
  artifactKey: Guid(2d36aae8a7932a2469f2f58bfc291679) Importer(815301076,1909f56bfc062723c751e8b465ee728b)
Start importing Assets/01_MainGame/00_ECS/02_RunLevel/06_FinishSystem.cs using Guid(2d36aae8a7932a2469f2f58bfc291679) Importer(815301076,1909f56bfc062723c751e8b465ee728b)  -> (artifact id: '0378cc9f97645694e22a6f962597380e') in 0.027892 seconds
  Import took 0.036077 seconds .

========================================================================
Received Import Request.
  Time since last request: 298.585867 seconds.
  path: Assets/01_MainGame/00_ECS/02_RunLevel/06_FinishSystem.cs
  artifactKey: Guid(2d36aae8a7932a2469f2f58bfc291679) Importer(815301076,1909f56bfc062723c751e8b465ee728b)
Start importing Assets/01_MainGame/00_ECS/02_RunLevel/06_FinishSystem.cs using Guid(2d36aae8a7932a2469f2f58bfc291679) Importer(815301076,1909f56bfc062723c751e8b465ee728b)  -> (artifact id: '2a9d155dd464abf4fcbd51cdcac7a887') in 0.003701 seconds
  Import took 0.011598 seconds .

========================================================================
Received Prepare
Registering precompiled user dll's ...
Registered in 0.001756 seconds.
Begin MonoManager ReloadAssembly
Error: Could not load signature of Unity.Android.Logcat.AndroidLogcat:.ctor due to: Could not load file or assembly 'UnityEditor.Android.Extensions, Version=1.0.0.0, Culture=neutral, PublicKeyToken=null' or one of its dependencies. assembly:UnityEditor.Android.Extensions, Version=1.0.0.0, Culture=neutral, PublicKeyToken=null type:<unknown type> member:(null) signature:<none>
0x00007ff7e9334f3c (Unity) StackWalker::GetCurrentCallstack
0x00007ff7e933d319 (Unity) StackWalker::ShowCallstack
0x00007ff7ea80ae6c (Unity) GetStacktrace
0x00007ff7eb8e8013 (Unity) DebugStringToFile
0x00007ff7e915b9fb (Unity) ScanForAttributesAndInterfaceImplementations
0x00007ff7e916edca (Unity) MonoManager::EndReloadAssembly
0x00007ff7e9175ff9 (Unity) MonoManager::ReloadAssembly
0x00007ff7ea515391 (Unity) LoadDomainAndUserAssemblies
0x00007ff7ea51583e (Unity) LoadUserAssemblies
0x00007ff7ea93ed59 (Unity) <lambda_fe9441f73272b7bdb4fc543a788e7929>::operator()
0x00007ff7eaa090f2 (Unity) asio::detail::completion_handler<core::mutable_function<void __cdecl(void)> >::do_complete
0x00007ff7eaa0b250 (Unity) asio::detail::win_iocp_io_service::do_one
0x00007ff7eaa0e9de (Unity) asio::io_service::run
0x00007ff7ea984f10 (Unity) RunAssetImportWorkerClientV2
0x00007ff7ea984f60 (Unity) RunAssetImporterV2
0x00007ff7e9ea08a6 (Unity) Application::InitializeProject
0x00007ff7ea818422 (Unity) WinMain
0x00007ff7ec67e3c6 (Unity) __scrt_common_main_seh
0x00007ff95ee413f2 (KERNEL32) BaseThreadInitThunk
0x00007ff960f954f4 (ntdll) RtlUserThreadStart

Unloading broken assembly Library/ScriptAssemblies/Unity.Mobile.AndroidLogcat.Editor.dll, this assembly can cause crashes in the runtime
0x00007ff7e9334f3c (Unity) StackWalker::GetCurrentCallstack
0x00007ff7e933d319 (Unity) StackWalker::ShowCallstack
0x00007ff7ea80ae6c (Unity) GetStacktrace
0x00007ff7eb8e8013 (Unity) DebugStringToFile
0x00007ff7e9177b49 (Unity) MonoManager::SetupLoadedEditorAssemblies
0x00007ff7e916f11c (Unity) MonoManager::EndReloadAssembly
0x00007ff7e9175ff9 (Unity) MonoManager::ReloadAssembly
0x00007ff7ea515391 (Unity) LoadDomainAndUserAssemblies
0x00007ff7ea51583e (Unity) LoadUserAssemblies
0x00007ff7ea93ed59 (Unity) <lambda_fe9441f73272b7bdb4fc543a788e7929>::operator()
0x00007ff7eaa090f2 (Unity) asio::detail::completion_handler<core::mutable_function<void __cdecl(void)> >::do_complete
0x00007ff7eaa0b250 (Unity) asio::detail::win_iocp_io_service::do_one
0x00007ff7eaa0e9de (Unity) asio::io_service::run
0x00007ff7ea984f10 (Unity) RunAssetImportWorkerClientV2
0x00007ff7ea984f60 (Unity) RunAssetImporterV2
0x00007ff7e9ea08a6 (Unity) Application::InitializeProject
0x00007ff7ea818422 (Unity) WinMain
0x00007ff7ec67e3c6 (Unity) __scrt_common_main_seh
0x00007ff95ee413f2 (KERNEL32) BaseThreadInitThunk
0x00007ff960f954f4 (ntdll) RtlUserThreadStart

Native extension for WindowsStandalone target not found
Refreshing native plugins compatible for Editor in 1.02 ms, found 1 plugins.
Preloading 0 native plugins for Editor in 0.00 ms.
Invoked RoslynAnalysisRunner static constructor.
RoslynAnalysisRunner will not be running.
RoslynAnalysisRunner has terminated.
Mono: successfully reloaded assembly
- Completed reload, in  2.193 seconds
Platform modules already initialized, skipping
Switching build target platform(5) subTarget(0) extendedPlatform(0) -> platform(13) subTarget(537395200) extendedPlatform(0)
Refreshing native plugins compatible for Editor in 1.00 ms, found 1 plugins.
Preloading 0 native plugins for Editor in 0.00 ms.
Unloading 1938 Unused Serialized files (Serialized files now loaded: 0)
System memory in use before: 88.4 MB.
System memory in use after: 88.5 MB.

Unloading 20 unused Assets to reduce memory usage. Loaded Objects now: 2383.
Total: 4.037770 ms (FindLiveObjects: 0.287703 ms CreateObjectMapping: 0.154280 ms MarkObjects: 3.553079 ms  DeleteObjects: 0.040391 ms)

AssetImportParameters requested are different than current active one (requested -> active):
  custom:graphics/normal-map-encoding: 01000000000000000000000000000000 -> 02000000000000000000000000000000
========================================================================
Received Prepare
Registering precompiled user dll's ...
Registered in 0.001278 seconds.
Begin MonoManager ReloadAssembly
Error: Could not load signature of Unity.Android.Logcat.AndroidLogcat:.ctor due to: Could not load file or assembly 'UnityEditor.Android.Extensions, Version=1.0.0.0, Culture=neutral, PublicKeyToken=null' or one of its dependencies. assembly:UnityEditor.Android.Extensions, Version=1.0.0.0, Culture=neutral, PublicKeyToken=null type:<unknown type> member:(null) signature:<none>
0x00007ff7e9334f3c (Unity) StackWalker::GetCurrentCallstack
0x00007ff7e933d319 (Unity) StackWalker::ShowCallstack
0x00007ff7ea80ae6c (Unity) GetStacktrace
0x00007ff7eb8e8013 (Unity) DebugStringToFile
0x00007ff7e915b9fb (Unity) ScanForAttributesAndInterfaceImplementations
0x00007ff7e916edca (Unity) MonoManager::EndReloadAssembly
0x00007ff7e9175ff9 (Unity) MonoManager::ReloadAssembly
0x00007ff7ea515391 (Unity) LoadDomainAndUserAssemblies
0x00007ff7ea51583e (Unity) LoadUserAssemblies
0x00007ff7ea93ed59 (Unity) <lambda_fe9441f73272b7bdb4fc543a788e7929>::operator()
0x00007ff7eaa090f2 (Unity) asio::detail::completion_handler<core::mutable_function<void __cdecl(void)> >::do_complete
0x00007ff7eaa0b250 (Unity) asio::detail::win_iocp_io_service::do_one
0x00007ff7eaa0e9de (Unity) asio::io_service::run
0x00007ff7ea984f10 (Unity) RunAssetImportWorkerClientV2
0x00007ff7ea984f60 (Unity) RunAssetImporterV2
0x00007ff7e9ea08a6 (Unity) Application::InitializeProject
0x00007ff7ea818422 (Unity) WinMain
0x00007ff7ec67e3c6 (Unity) __scrt_common_main_seh
0x00007ff95ee413f2 (KERNEL32) BaseThreadInitThunk
0x00007ff960f954f4 (ntdll) RtlUserThreadStart

Unloading broken assembly Library/ScriptAssemblies/Unity.Mobile.AndroidLogcat.Editor.dll, this assembly can cause crashes in the runtime
0x00007ff7e9334f3c (Unity) StackWalker::GetCurrentCallstack
0x00007ff7e933d319 (Unity) StackWalker::ShowCallstack
0x00007ff7ea80ae6c (Unity) GetStacktrace
0x00007ff7eb8e8013 (Unity) DebugStringToFile
0x00007ff7e9177b49 (Unity) MonoManager::SetupLoadedEditorAssemblies
0x00007ff7e916f11c (Unity) MonoManager::EndReloadAssembly
0x00007ff7e9175ff9 (Unity) MonoManager::ReloadAssembly
0x00007ff7ea515391 (Unity) LoadDomainAndUserAssemblies
0x00007ff7ea51583e (Unity) LoadUserAssemblies
0x00007ff7ea93ed59 (Unity) <lambda_fe9441f73272b7bdb4fc543a788e7929>::operator()
0x00007ff7eaa090f2 (Unity) asio::detail::completion_handler<core::mutable_function<void __cdecl(void)> >::do_complete
0x00007ff7eaa0b250 (Unity) asio::detail::win_iocp_io_service::do_one
0x00007ff7eaa0e9de (Unity) asio::io_service::run
0x00007ff7ea984f10 (Unity) RunAssetImportWorkerClientV2
0x00007ff7ea984f60 (Unity) RunAssetImporterV2
0x00007ff7e9ea08a6 (Unity) Application::InitializeProject
0x00007ff7ea818422 (Unity) WinMain
0x00007ff7ec67e3c6 (Unity) __scrt_common_main_seh
0x00007ff95ee413f2 (KERNEL32) BaseThreadInitThunk
0x00007ff960f954f4 (ntdll) RtlUserThreadStart

Native extension for WindowsStandalone target not found
Refreshing native plugins compatible for Editor in 1.57 ms, found 1 plugins.
Preloading 0 native plugins for Editor in 0.00 ms.
Invoked RoslynAnalysisRunner static constructor.
RoslynAnalysisRunner will not be running.
RoslynAnalysisRunner has terminated.
Mono: successfully reloaded assembly
- Completed reload, in  2.813 seconds
Platform modules already initialized, skipping
Switching build target platform(5) subTarget(0) extendedPlatform(0) -> platform(13) subTarget(537395200) extendedPlatform(0)
Refreshing native plugins compatible for Editor in 1.06 ms, found 1 plugins.
Preloading 0 native plugins for Editor in 0.00 ms.
Unloading 1938 Unused Serialized files (Serialized files now loaded: 0)
System memory in use before: 88.5 MB.
System memory in use after: 88.6 MB.

Unloading 20 unused Assets to reduce memory usage. Loaded Objects now: 2386.
Total: 7.638855 ms (FindLiveObjects: 0.354911 ms CreateObjectMapping: 0.127132 ms MarkObjects: 7.112448 ms  DeleteObjects: 0.041053 ms)

AssetImportParameters requested are different than current active one (requested -> active):
  custom:graphics/normal-map-encoding: 01000000000000000000000000000000 -> 02000000000000000000000000000000
========================================================================
Received Prepare
Refreshing native plugins compatible for Editor in 8.10 ms, found 1 plugins.
Preloading 0 native plugins for Editor in 0.00 ms.
Unloading 18 Unused Serialized files (Serialized files now loaded: 0)
System memory in use before: 50.8 MB.
System memory in use after: 50.9 MB.

Unloading 18 unused Assets to reduce memory usage. Loaded Objects now: 2386.
Total: 4.011946 ms (FindLiveObjects: 0.292338 ms CreateObjectMapping: 0.137726 ms MarkObjects: 3.542484 ms  DeleteObjects: 0.036087 ms)

